2023-05-29 03:56:37 Loading main app package /usr/lib/obsidian/obsidian.asar
2023-05-29 03:56:37 Checking for update using Github
2023-05-29 03:56:38 Success.
2023-05-29 03:56:38 Latest version is 1.3.4
2023-05-29 03:56:38 App is up to date.
2023-05-29 04:06:40 Loading main app package /tmp/.mount_ObsidiuFlk1H/resources/obsidian.asar
2023-05-29 04:06:41 Checking for update using Github
2023-05-29 04:06:42 Success.
2023-05-29 04:06:42 Latest version is 1.3.4
2023-05-29 04:06:42 App is up to date.
2023-05-29 04:13:21 Loading main app package /tmp/.mount_ObsidiXXz4Vn/resources/obsidian.asar
2023-05-29 04:13:22 Checking for update using Github
2023-05-29 04:13:22 Success.
2023-05-29 04:13:22 Latest version is 1.3.4
2023-05-29 04:13:22 App is up to date.
2023-05-29 04:16:24 Loading main app package /tmp/.mount_ObsidiwY790H/resources/obsidian.asar
2023-05-29 04:16:25 Checking for update using Github
2023-05-29 04:16:25 Success.
2023-05-29 04:16:25 Latest version is 1.3.4
2023-05-29 04:16:25 App is up to date.
2023-05-29 04:16:42 Loading main app package /tmp/.mount_ObsidijZjt9Z/resources/obsidian.asar
2023-05-29 04:16:43 Checking for update using Github
2023-05-29 04:16:43 Success.
2023-05-29 04:16:43 Latest version is 1.3.4
2023-05-29 04:16:43 App is up to date.
2023-05-29 04:18:01 Loading main app package /tmp/.mount_ObsidiT2mPAH/resources/obsidian.asar
2023-05-29 04:18:02 Checking for update using Github
2023-05-29 04:18:02 Success.
2023-05-29 04:18:02 Latest version is 1.3.4
2023-05-29 04:18:02 App is up to date.
2023-05-29 04:18:15 Loading main app package /tmp/.mount_Obsidi1PEHeZ/resources/obsidian.asar
2023-05-29 04:18:16 Checking for update using Github
2023-05-29 04:18:16 Success.
2023-05-29 04:18:16 Latest version is 1.3.4
2023-05-29 04:18:16 App is up to date.
2023-05-29 04:18:40 Loading main app package /tmp/.mount_ObsidiXKOG7t/resources/obsidian.asar
2023-05-29 04:18:41 Checking for update using Github
2023-05-29 04:18:41 Success.
2023-05-29 04:18:41 Latest version is 1.3.4
2023-05-29 04:18:41 App is up to date.
2023-05-29 04:19:41 Loading main app package /tmp/.mount_ObsidiDX9N2K/resources/obsidian.asar
2023-05-29 04:19:42 Checking for update using Github
2023-05-29 04:19:42 Success.
2023-05-29 04:19:42 Latest version is 1.3.4
2023-05-29 04:19:42 App is up to date.
2023-05-29 04:20:04 Loading main app package /tmp/.mount_ObsidipzbH70/resources/obsidian.asar
2023-05-29 04:20:05 Checking for update using Github
2023-05-29 04:20:05 Success.
2023-05-29 04:20:05 Latest version is 1.3.4
2023-05-29 04:20:05 App is up to date.
2023-05-29 04:20:47 Loading main app package /usr/lib/obsidian/obsidian.asar
2023-05-29 04:20:47 Checking for update using Github
2023-05-29 04:21:01 Loading main app package /usr/lib/obsidian/obsidian.asar
2023-05-29 04:21:01 Checking for update using Github
2023-05-29 04:21:01 Success.
2023-05-29 04:21:01 Latest version is 1.3.4
2023-05-29 04:21:01 App is up to date.
2023-05-29 04:22:38 Loading main app package /tmp/.mount_Obsidi6o9P69/resources/obsidian.asar
2023-05-29 04:22:39 Checking for update using Github
2023-05-29 04:22:39 Success.
2023-05-29 04:22:39 Latest version is 1.3.4
2023-05-29 04:22:39 App is up to date.
2023-05-29 04:24:29 Loading main app package /tmp/.mount_Obsidi5BRuxH/resources/obsidian.asar
2023-05-29 04:24:30 Checking for update using Github
2023-05-29 04:24:31 Success.
2023-05-29 04:24:31 Latest version is 1.3.4
2023-05-29 04:24:31 App is up to date.
2023-05-29 04:26:57 Loading main app package /tmp/.mount_ObsidiY1ol5r/resources/obsidian.asar
2023-05-29 04:26:58 Checking for update using Github
2023-05-29 04:26:58 Success.
2023-05-29 04:26:58 Latest version is 1.3.4
2023-05-29 04:26:58 App is up to date.
2023-05-29 04:27:08 Loading main app package /tmp/.mount_ObsididkyQpT/resources/obsidian.asar
2023-05-29 04:27:09 Checking for update using Github
2023-05-29 04:27:09 Success.
2023-05-29 04:27:09 Latest version is 1.3.4
2023-05-29 04:27:09 App is up to date.
2023-05-29 04:28:03 Loading main app package /tmp/.mount_ObsidipetuVV/resources/obsidian.asar
2023-05-29 04:28:04 Checking for update using Github
2023-05-29 04:28:04 Success.
2023-05-29 04:28:04 Latest version is 1.3.4
2023-05-29 04:28:04 App is up to date.
2023-05-29 04:28:33 Loading main app package /tmp/.mount_Obsidi81nhWk/resources/obsidian.asar
2023-05-29 04:28:34 Checking for update using Github
2023-05-29 04:28:35 Success.
2023-05-29 04:28:35 Latest version is 1.3.4
2023-05-29 04:28:35 App is up to date.
2023-05-29 04:29:06 Loading main app package /tmp/.mount_Obsidi9XqgWb/resources/obsidian.asar
2023-05-29 04:29:07 Checking for update using Github
2023-05-29 04:29:08 Success.
2023-05-29 04:29:08 Latest version is 1.3.4
2023-05-29 04:29:08 App is up to date.
2023-05-29 04:29:34 Loading main app package /tmp/.mount_Obsidi8W8Qhp/resources/obsidian.asar
2023-05-29 04:29:34 Checking for update using Github
2023-05-29 07:31:12 Loading main app package /tmp/.mount_ObsidiuQ9oTZ/resources/obsidian.asar
2023-05-29 07:31:13 Checking for update using Github
2023-05-29 07:31:14 Success.
2023-05-29 07:31:14 Latest version is 1.3.4
2023-05-29 07:31:14 App is up to date.
2023-05-29 18:46:04 Loading main app package /tmp/.mount_ObsidiyMai45/resources/obsidian.asar
2023-05-29 18:46:05 Checking for update using Github
2023-05-29 18:46:06 Success.
2023-05-29 18:46:06 Latest version is 1.3.4
2023-05-29 18:46:06 App is up to date.
2023-05-29 18:53:30 Loading main app package /tmp/.mount_ObsidiY0Tvv2/resources/obsidian.asar
2023-05-29 18:53:31 Checking for update using Github
2023-05-29 18:53:32 Success.
2023-05-29 18:53:32 Latest version is 1.3.4
2023-05-29 18:53:32 App is up to date.
2023-05-29 18:54:25 Loading main app package /tmp/.mount_ObsidiqKcOjI/resources/obsidian.asar
2023-05-29 18:54:26 Checking for update using Github
2023-05-29 18:54:26 Success.
2023-05-29 18:54:26 Latest version is 1.3.4
2023-05-29 18:54:26 App is up to date.
2023-05-29 19:54:26 Checking for update using Github
2023-05-29 19:54:26 Success.
2023-05-29 19:54:26 Latest version is 1.3.4
2023-05-29 19:54:26 App is up to date.
2023-05-30 10:47:07 Loading main app package /tmp/.mount_ObsidicXnh1H/resources/obsidian.asar
2023-05-30 10:47:08 Checking for update using Github
2023-05-30 10:47:08 Success.
2023-05-30 10:47:08 Latest version is 1.3.4
2023-05-30 10:47:08 App is up to date.
2023-05-30 10:55:29 Loading main app package /tmp/.mount_ObsidiORFyfY/resources/obsidian.asar
2023-05-30 10:55:30 Checking for update using Github
2023-05-30 10:55:30 Success.
2023-05-30 10:55:30 Latest version is 1.3.4
2023-05-30 10:55:30 App is up to date.
2023-05-30 11:55:29 Checking for update using Github
2023-05-30 11:55:29 Success.
2023-05-30 11:55:29 Latest version is 1.3.4
2023-05-30 11:55:29 App is up to date.
2023-05-30 14:26:28 Loading main app package /tmp/.mount_Obsidi4032gf/resources/obsidian.asar
2023-05-30 14:26:28 Checking for update using Github
2023-05-30 14:26:28 Success.
2023-05-30 14:26:28 Latest version is 1.3.4
2023-05-30 14:26:28 App is up to date.
2023-05-30 14:26:28 Checking for update using Github
2023-06-17 13:42:27 Loading updated app package /home/smabbasht/.config/obsidian/obsidian-1.3.5.asar
2023-06-17 13:42:28 Checking for update using Github
2023-06-17 13:42:29 Success.
2023-06-17 13:42:29 Latest version is 1.3.5
2023-06-17 13:42:29 App is up to date.
2023-06-18 08:52:12 Loading updated app package /home/smabbasht/.config/obsidian/obsidian-1.3.5.asar
2023-06-18 08:52:13 Checking for update using Github
2023-06-18 08:52:13 Failed to check for update using Github (net::ERR_INTERNET_DISCONNECTED)
2023-06-18 08:52:13 Checking for update using obsidian.md
2023-06-18 08:52:13 Failed to check for update using obsidian.md (net::ERR_INTERNET_DISCONNECTED)
2023-06-19 04:55:53 Loading updated app package /home/smabbasht/.config/obsidian/obsidian-1.3.5.asar
2023-06-19 04:55:54 Checking for update using Github
2023-06-19 04:55:54 Failed to check for update using Github (net::ERR_NAME_NOT_RESOLVED)
2023-06-19 04:55:54 Checking for update using obsidian.md
2023-06-19 04:55:54 Failed to check for update using obsidian.md (net::ERR_NAME_NOT_RESOLVED)
2023-06-21 10:22:27 Loading updated app package /home/smabbasht/.config/obsidian/obsidian-1.3.5.asar
2023-06-21 10:22:28 Checking for update using Github
2023-06-21 10:22:28 Success.
2023-06-21 10:22:28 Latest version is 1.3.5
2023-06-21 10:22:28 App is up to date.
2023-06-21 10:22:31 Loading updated app package /home/smabbasht/.config/obsidian/obsidian-1.3.5.asar
2023-06-21 10:22:32 Checking for update using Github
2023-06-25 11:59:25 Loading updated app package /home/smabbasht/.config/obsidian/obsidian-1.3.5.asar
2023-06-25 11:59:27 Checking for update using Github
2023-06-25 11:59:27 Success.
2023-06-25 11:59:27 Latest version is 1.3.5
2023-06-25 11:59:27 App is up to date.
